<html>
<head>
<title>TestNG:  Test</title>
<link href="../testng.css" rel="stylesheet" type="text/css" />
<link href="../my-testng.css" rel="stylesheet" type="text/css" />

<style type="text/css">
.log { display: none;} 
.stack-trace { display: none;} 
</style>
<script type="text/javascript">
<!--
function flip(e) {
  current = e.style.display;
  if (current == 'block') {
    e.style.display = 'none';
    return 0;
  }
  else {
    e.style.display = 'block';
    return 1;
  }
}

function toggleBox(szDivId, elem, msg1, msg2)
{
  var res = -1;  if (document.getElementById) {
    res = flip(document.getElementById(szDivId));
  }
  else if (document.all) {
    // this is the way old msie versions work
    res = flip(document.all[szDivId]);
  }
  if(elem) {
    if(res == 0) elem.innerHTML = msg1; else elem.innerHTML = msg2;
  }

}

function toggleAllBoxes() {
  if (document.getElementsByTagName) {
    d = document.getElementsByTagName('div');
    for (i = 0; i < d.length; i++) {
      if (d[i].className == 'log') {
        flip(d[i]);
      }
    }
  }
}

// -->
</script>

</head>
<body>
<h2 align='center'>Test</h2><table border='1' align="center">
<tr>
<td>Tests passed/Failed/Skipped:</td><td>0/8/0</td>
</tr><tr>
<td>Started on:</td><td>Tue Nov 19 20:25:03 IST 2019</td>
</tr>
<tr><td>Total time:</td><td>70 seconds (70353 ms)</td>
</tr><tr>
<td>Included groups:</td><td></td>
</tr><tr>
<td>Excluded groups:</td><td></td>
</tr>
</table><p/>
<small><i>(Hover the method name to see the test class name)</i></small><p/>
<table width='100%' border='1' class='invocation-failed'>
<tr><td colspan='4' align='center'><b>FAILED TESTS</b></td></tr>
<tr><td><b>Test method</b></td>
<td width="30%"><b>Exception</b></td>
<td width="10%"><b>Time (seconds)</b></td>
<td><b>Instance</b></td>
</tr>
<tr>
<td title='runnerFiles.TestRunner.runScenario()'><b>runScenario</b><br>Test class: runnerFiles.TestRunner<br>Test method: Runs Cucumber Scenarios<br>Parameters: "As an existing customer Mr John is at login page", "As an existing customer verify the UI and Functionality of the login page"</td>
<td><div><pre>java.lang.AssertionError: Login page header text mismatch found expected [Login Form] but found [Logout Form]
	at pageObjects.loginPage.WhetherHeaderIsPresentInThePage(loginPage.java:72)
	at stepDefinitions.loginPageSteps.checkWhetherHeaderIsPresentInThePage(loginPageSteps.java:25)
	at ✽.header &quot;Login Form&quot; is present in the page(file:src/main/resources/featureList/loginpage.feature:8)
... Removed 5 stack frames</pre></div><a href='#' onClick='toggleBox("stack-trace1542416707", this, "Click to show all stack frames", "Click to hide stack frames")'>Click to show all stack frames</a>
<div class='stack-trace' id='stack-trace1542416707'><pre>java.lang.AssertionError: Login page header text mismatch found expected [Login Form] but found [Logout Form]
	at org.testng.Assert.fail(Assert.java:96)
	at org.testng.Assert.failNotEquals(Assert.java:776)
	at org.testng.Assert.assertEqualsImpl(Assert.java:137)
	at org.testng.Assert.assertEquals(Assert.java:118)
	at org.testng.Assert.assertEquals(Assert.java:453)
	at pageObjects.loginPage.WhetherHeaderIsPresentInThePage(loginPage.java:72)
	at stepDefinitions.loginPageSteps.checkWhetherHeaderIsPresentInThePage(loginPageSteps.java:25)
	at ✽.header &quot;Login Form&quot; is present in the page(file:src/main/resources/featureList/loginpage.feature:8)
</pre></div></td>
<td>4</td>
<td>runnerFiles.TestRunner@5afa04c</td></tr>
<tr>
<td title='runnerFiles.TestRunner.runScenario()'><b>runScenario</b><br>Test class: runnerFiles.TestRunner<br>Test method: Runs Cucumber Scenarios<br>Parameters: "As customer Jack wants to sort dashboard table in ascending order of amounts", "As a customer verify the sort Functionality available in dashboard"</td>
<td><div><pre>java.lang.AssertionError: Amount sort failed.Values are in random order expected [true] but found [false]
	at pageObjects.dashboard.AmountsAreInAccendingOrder(dashboard.java:54)
	at stepDefinitions.dashboardSteps.assertAmountsAreInAscendingOrder(dashboardSteps.java:26)
	at ✽.amounts are in ascending order(file:src/main/resources/featureList/amountSort.feature:11)
... Removed 3 stack frames</pre></div><a href='#' onClick='toggleBox("stack-trace1269184898", this, "Click to show all stack frames", "Click to hide stack frames")'>Click to show all stack frames</a>
<div class='stack-trace' id='stack-trace1269184898'><pre>java.lang.AssertionError: Amount sort failed.Values are in random order expected [true] but found [false]
	at org.testng.Assert.fail(Assert.java:96)
	at org.testng.Assert.failNotEquals(Assert.java:776)
	at org.testng.Assert.assertTrue(Assert.java:44)
	at pageObjects.dashboard.AmountsAreInAccendingOrder(dashboard.java:54)
	at stepDefinitions.dashboardSteps.assertAmountsAreInAscendingOrder(dashboardSteps.java:26)
	at ✽.amounts are in ascending order(file:src/main/resources/featureList/amountSort.feature:11)
</pre></div></td>
<td>7</td>
<td>runnerFiles.TestRunner@5afa04c</td></tr>
<tr>
<td title='runnerFiles.TestRunner.runScenario()'><b>runScenario</b><br>Test class: runnerFiles.TestRunner<br>Test method: Runs Cucumber Scenarios<br>Parameters: "As an existing user verify the functionality of login page elements", "As an existing customer verify the UI and Functionality of the login page"</td>
<td><div><pre>java.lang.AssertionError: username and password empty warning mismatch found expected [Both Username and Password must be present] but found [Please enter both username and password]
	at pageObjects.loginPage.fieldEmtyWarmingIsShown(loginPage.java:141)
	at stepDefinitions.loginPageSteps.passwordAndUsernameEmptyErrorIsShown(loginPageSteps.java:90)
	at ✽.password and username empty &quot;Both Username and Password must be present&quot; error is shown(file:src/main/resources/featureList/loginpage.feature:27)
... Removed 5 stack frames</pre></div><a href='#' onClick='toggleBox("stack-trace1499406005", this, "Click to show all stack frames", "Click to hide stack frames")'>Click to show all stack frames</a>
<div class='stack-trace' id='stack-trace1499406005'><pre>java.lang.AssertionError: username and password empty warning mismatch found expected [Both Username and Password must be present] but found [Please enter both username and password]
	at org.testng.Assert.fail(Assert.java:96)
	at org.testng.Assert.failNotEquals(Assert.java:776)
	at org.testng.Assert.assertEqualsImpl(Assert.java:137)
	at org.testng.Assert.assertEquals(Assert.java:118)
	at org.testng.Assert.assertEquals(Assert.java:453)
	at pageObjects.loginPage.fieldEmtyWarmingIsShown(loginPage.java:141)
	at stepDefinitions.loginPageSteps.passwordAndUsernameEmptyErrorIsShown(loginPageSteps.java:90)
	at ✽.password and username empty &quot;Both Username and Password must be present&quot; error is shown(file:src/main/resources/featureList/loginpage.feature:27)
</pre></div></td>
<td>3</td>
<td>runnerFiles.TestRunner@5afa04c</td></tr>
<tr>
<td title='runnerFiles.TestRunner.runScenario()'><b>runScenario</b><br>Test class: runnerFiles.TestRunner<br>Test method: Runs Cucumber Scenarios<br>Parameters: "As an existing customer Mr John is at login page", "As an existing customer verify the UI and Functionality of the login page"</td>
<td><div><pre>com.applitools.eyes.exceptions.DiffsFoundException: Test &apos;login UI components&apos; of &apos;Hackathon&apos; detected differences! See details at: https://eyes.applitools.com/app/batches/00000251828125472261/00000251828125472074?accountId=qoGJj8hxc0mEZSOJID-FVg~~
	at com.applitools.eyes.EyesBase.close(EyesBase.java:510)
	at com.applitools.eyes.selenium.SeleniumEyes.close(SeleniumEyes.java:1903)
	at com.applitools.eyes.selenium.Eyes.close(Eyes.java:541)
	at com.applitools.eyes.selenium.Eyes.close(Eyes.java:155)
	at stepDefinitions.Hooks.AfterSteps(Hooks.java:17)
	at cucumber.runtime.Utils$1.call(Utils.java:26)
	at cucumber.runtime.Timeout.timeout(Timeout.java:16)
	at cucumber.runtime.Utils.invoke(Utils.java:20)
	at cucumber.runtime.java.JavaHookDefinition.execute(JavaHookDefinition.java:65)
	at cucumber.runner.HookDefinitionMatch.runStep(HookDefinitionMatch.java:16)
	at cucumber.runner.TestStep.executeStep(TestStep.java:65)
	at cucumber.runner.TestStep.run(TestStep.java:50)
	at cucumber.runner.TestCase.run(TestCase.java:50)
	at cucumber.runner.Runner.runPickle(Runner.java:50)
	at io.cucumber.testng.TestNGCucumberRunner.runScenario(TestNGCucumberRunner.java:69)
	at io.cucumber.testng.AbstractTestNGCucumberTests.runScenario(AbstractTestNGCucumberTests.java:24)
	at java.util.concurrent.FutureTask.run(FutureTask.java:266)
	at java.util.concurrent.Executors$RunnableAdapter.call(Executors.java:511)
	at java.util.concurrent.FutureTask.run(FutureTask.java:266)
	at java.util.concurrent.ThreadPoolExecutor.runWorker(ThreadPoolExecutor.java:1149)
	at java.util.concurrent.ThreadPoolExecutor$Worker.run(ThreadPoolExecutor.java:624)
	at java.lang.Thread.run(Thread.java:748)
... Removed 13 stack frames</pre></div><a href='#' onClick='toggleBox("stack-trace985668323", this, "Click to show all stack frames", "Click to hide stack frames")'>Click to show all stack frames</a>
<div class='stack-trace' id='stack-trace985668323'><pre>com.applitools.eyes.exceptions.DiffsFoundException: Test &apos;login UI components&apos; of &apos;Hackathon&apos; detected differences! See details at: https://eyes.applitools.com/app/batches/00000251828125472261/00000251828125472074?accountId=qoGJj8hxc0mEZSOJID-FVg~~
	at com.applitools.eyes.EyesBase.close(EyesBase.java:510)
	at com.applitools.eyes.selenium.SeleniumEyes.close(SeleniumEyes.java:1903)
	at com.applitools.eyes.selenium.Eyes.close(Eyes.java:541)
	at com.applitools.eyes.selenium.Eyes.close(Eyes.java:155)
	at stepDefinitions.Hooks.AfterSteps(Hooks.java:17)
	at sun.reflect.NativeMethodAccessorImpl.invoke0(Native Method)
	at sun.reflect.NativeMethodAccessorImpl.invoke(NativeMethodAccessorImpl.java:62)
	at sun.reflect.DelegatingMethodAccessorImpl.invoke(DelegatingMethodAccessorImpl.java:43)
	at java.lang.reflect.Method.invoke(Method.java:498)
	at cucumber.runtime.Utils$1.call(Utils.java:26)
	at cucumber.runtime.Timeout.timeout(Timeout.java:16)
	at cucumber.runtime.Utils.invoke(Utils.java:20)
	at cucumber.runtime.java.JavaHookDefinition.execute(JavaHookDefinition.java:65)
	at cucumber.runner.HookDefinitionMatch.runStep(HookDefinitionMatch.java:16)
	at cucumber.runner.TestStep.executeStep(TestStep.java:65)
	at cucumber.runner.TestStep.run(TestStep.java:50)
	at cucumber.runner.TestCase.run(TestCase.java:50)
	at cucumber.runner.Runner.runPickle(Runner.java:50)
	at io.cucumber.testng.TestNGCucumberRunner.runScenario(TestNGCucumberRunner.java:69)
	at io.cucumber.testng.AbstractTestNGCucumberTests.runScenario(AbstractTestNGCucumberTests.java:24)
	at sun.reflect.NativeMethodAccessorImpl.invoke0(Native Method)
	at sun.reflect.NativeMethodAccessorImpl.invoke(NativeMethodAccessorImpl.java:62)
	at sun.reflect.DelegatingMethodAccessorImpl.invoke(DelegatingMethodAccessorImpl.java:43)
	at java.lang.reflect.Method.invoke(Method.java:498)
	at org.testng.internal.MethodInvocationHelper.invokeMethod(MethodInvocationHelper.java:124)
	at org.testng.internal.Invoker.invokeMethod(Invoker.java:583)
	at org.testng.internal.Invoker.invokeTestMethod(Invoker.java:719)
	at org.testng.internal.TestMethodWithDataProviderMethodWorker.call(TestMethodWithDataProviderMethodWorker.java:71)
	at org.testng.internal.TestMethodWithDataProviderMethodWorker.call(TestMethodWithDataProviderMethodWorker.java:14)
	at java.util.concurrent.FutureTask.run(FutureTask.java:266)
	at java.util.concurrent.Executors$RunnableAdapter.call(Executors.java:511)
	at java.util.concurrent.FutureTask.run(FutureTask.java:266)
	at java.util.concurrent.ThreadPoolExecutor.runWorker(ThreadPoolExecutor.java:1149)
	at java.util.concurrent.ThreadPoolExecutor$Worker.run(ThreadPoolExecutor.java:624)
	at java.lang.Thread.run(Thread.java:748)
</pre></div></td>
<td>24</td>
<td>runnerFiles.TestRunner@5afa04c</td></tr>
<tr>
<td title='runnerFiles.TestRunner.runScenario()'><b>runScenario</b><br>Test class: runnerFiles.TestRunner<br>Test method: Runs Cucumber Scenarios<br>Parameters: "As customer Jack wants to sort dashboard table in ascending order of amounts", "As a customer verify the sort Functionality available in dashboard"</td>
<td><div><pre>com.applitools.eyes.exceptions.DiffsFoundException: Test &apos;Dashboard amount sort functionality&apos; of &apos;Hackathon&apos; detected differences! See details at: https://eyes.applitools.com/app/batches/00000251828125472267/00000251828125472064?accountId=qoGJj8hxc0mEZSOJID-FVg~~
	at com.applitools.eyes.EyesBase.close(EyesBase.java:510)
	at com.applitools.eyes.selenium.SeleniumEyes.close(SeleniumEyes.java:1903)
	at com.applitools.eyes.selenium.Eyes.close(Eyes.java:541)
	at com.applitools.eyes.selenium.Eyes.close(Eyes.java:155)
	at stepDefinitions.Hooks.AfterSteps(Hooks.java:17)
	at cucumber.runtime.Utils$1.call(Utils.java:26)
	at cucumber.runtime.Timeout.timeout(Timeout.java:16)
	at cucumber.runtime.Utils.invoke(Utils.java:20)
	at cucumber.runtime.java.JavaHookDefinition.execute(JavaHookDefinition.java:65)
	at cucumber.runner.HookDefinitionMatch.runStep(HookDefinitionMatch.java:16)
	at cucumber.runner.TestStep.executeStep(TestStep.java:65)
	at cucumber.runner.TestStep.run(TestStep.java:50)
	at cucumber.runner.TestCase.run(TestCase.java:50)
	at cucumber.runner.Runner.runPickle(Runner.java:50)
	at io.cucumber.testng.TestNGCucumberRunner.runScenario(TestNGCucumberRunner.java:69)
	at io.cucumber.testng.AbstractTestNGCucumberTests.runScenario(AbstractTestNGCucumberTests.java:24)
	at java.util.concurrent.FutureTask.run(FutureTask.java:266)
	at java.util.concurrent.Executors$RunnableAdapter.call(Executors.java:511)
	at java.util.concurrent.FutureTask.run(FutureTask.java:266)
	at java.util.concurrent.ThreadPoolExecutor.runWorker(ThreadPoolExecutor.java:1149)
	at java.util.concurrent.ThreadPoolExecutor$Worker.run(ThreadPoolExecutor.java:624)
	at java.lang.Thread.run(Thread.java:748)
... Removed 13 stack frames</pre></div><a href='#' onClick='toggleBox("stack-trace2111781175", this, "Click to show all stack frames", "Click to hide stack frames")'>Click to show all stack frames</a>
<div class='stack-trace' id='stack-trace2111781175'><pre>com.applitools.eyes.exceptions.DiffsFoundException: Test &apos;Dashboard amount sort functionality&apos; of &apos;Hackathon&apos; detected differences! See details at: https://eyes.applitools.com/app/batches/00000251828125472267/00000251828125472064?accountId=qoGJj8hxc0mEZSOJID-FVg~~
	at com.applitools.eyes.EyesBase.close(EyesBase.java:510)
	at com.applitools.eyes.selenium.SeleniumEyes.close(SeleniumEyes.java:1903)
	at com.applitools.eyes.selenium.Eyes.close(Eyes.java:541)
	at com.applitools.eyes.selenium.Eyes.close(Eyes.java:155)
	at stepDefinitions.Hooks.AfterSteps(Hooks.java:17)
	at sun.reflect.NativeMethodAccessorImpl.invoke0(Native Method)
	at sun.reflect.NativeMethodAccessorImpl.invoke(NativeMethodAccessorImpl.java:62)
	at sun.reflect.DelegatingMethodAccessorImpl.invoke(DelegatingMethodAccessorImpl.java:43)
	at java.lang.reflect.Method.invoke(Method.java:498)
	at cucumber.runtime.Utils$1.call(Utils.java:26)
	at cucumber.runtime.Timeout.timeout(Timeout.java:16)
	at cucumber.runtime.Utils.invoke(Utils.java:20)
	at cucumber.runtime.java.JavaHookDefinition.execute(JavaHookDefinition.java:65)
	at cucumber.runner.HookDefinitionMatch.runStep(HookDefinitionMatch.java:16)
	at cucumber.runner.TestStep.executeStep(TestStep.java:65)
	at cucumber.runner.TestStep.run(TestStep.java:50)
	at cucumber.runner.TestCase.run(TestCase.java:50)
	at cucumber.runner.Runner.runPickle(Runner.java:50)
	at io.cucumber.testng.TestNGCucumberRunner.runScenario(TestNGCucumberRunner.java:69)
	at io.cucumber.testng.AbstractTestNGCucumberTests.runScenario(AbstractTestNGCucumberTests.java:24)
	at sun.reflect.NativeMethodAccessorImpl.invoke0(Native Method)
	at sun.reflect.NativeMethodAccessorImpl.invoke(NativeMethodAccessorImpl.java:62)
	at sun.reflect.DelegatingMethodAccessorImpl.invoke(DelegatingMethodAccessorImpl.java:43)
	at java.lang.reflect.Method.invoke(Method.java:498)
	at org.testng.internal.MethodInvocationHelper.invokeMethod(MethodInvocationHelper.java:124)
	at org.testng.internal.Invoker.invokeMethod(Invoker.java:583)
	at org.testng.internal.Invoker.invokeTestMethod(Invoker.java:719)
	at org.testng.internal.TestMethodWithDataProviderMethodWorker.call(TestMethodWithDataProviderMethodWorker.java:71)
	at org.testng.internal.TestMethodWithDataProviderMethodWorker.call(TestMethodWithDataProviderMethodWorker.java:14)
	at java.util.concurrent.FutureTask.run(FutureTask.java:266)
	at java.util.concurrent.Executors$RunnableAdapter.call(Executors.java:511)
	at java.util.concurrent.FutureTask.run(FutureTask.java:266)
	at java.util.concurrent.ThreadPoolExecutor.runWorker(ThreadPoolExecutor.java:1149)
	at java.util.concurrent.ThreadPoolExecutor$Worker.run(ThreadPoolExecutor.java:624)
	at java.lang.Thread.run(Thread.java:748)
</pre></div></td>
<td>30</td>
<td>runnerFiles.TestRunner@5afa04c</td></tr>
<tr>
<td title='runnerFiles.TestRunner.runScenario()'><b>runScenario</b><br>Test class: runnerFiles.TestRunner<br>Test method: Runs Cucumber Scenarios<br>Parameters: "As customer Jack wants to see expense charts for year 2018 and 2019", "As customer verify the Chart Functionality available in dashboard"</td>
<td><div><pre>com.applitools.eyes.exceptions.DiffsFoundException: Test &apos;Chart data 2018 and 2019&apos; of &apos;Hackathon&apos; detected differences! See details at: https://eyes.applitools.com/app/batches/00000251828125472269/00000251828125472081?accountId=qoGJj8hxc0mEZSOJID-FVg~~
	at com.applitools.eyes.EyesBase.close(EyesBase.java:510)
	at com.applitools.eyes.selenium.SeleniumEyes.close(SeleniumEyes.java:1903)
	at com.applitools.eyes.selenium.Eyes.close(Eyes.java:541)
	at com.applitools.eyes.selenium.Eyes.close(Eyes.java:155)
	at stepDefinitions.Hooks.AfterSteps(Hooks.java:17)
	at cucumber.runtime.Utils$1.call(Utils.java:26)
	at cucumber.runtime.Timeout.timeout(Timeout.java:16)
	at cucumber.runtime.Utils.invoke(Utils.java:20)
	at cucumber.runtime.java.JavaHookDefinition.execute(JavaHookDefinition.java:65)
	at cucumber.runner.HookDefinitionMatch.runStep(HookDefinitionMatch.java:16)
	at cucumber.runner.TestStep.executeStep(TestStep.java:65)
	at cucumber.runner.TestStep.run(TestStep.java:50)
	at cucumber.runner.TestCase.run(TestCase.java:50)
	at cucumber.runner.Runner.runPickle(Runner.java:50)
	at io.cucumber.testng.TestNGCucumberRunner.runScenario(TestNGCucumberRunner.java:69)
	at io.cucumber.testng.AbstractTestNGCucumberTests.runScenario(AbstractTestNGCucumberTests.java:24)
	at java.util.concurrent.FutureTask.run(FutureTask.java:266)
	at java.util.concurrent.Executors$RunnableAdapter.call(Executors.java:511)
	at java.util.concurrent.FutureTask.run(FutureTask.java:266)
	at java.util.concurrent.ThreadPoolExecutor.runWorker(ThreadPoolExecutor.java:1149)
	at java.util.concurrent.ThreadPoolExecutor$Worker.run(ThreadPoolExecutor.java:624)
	at java.lang.Thread.run(Thread.java:748)
... Removed 13 stack frames</pre></div><a href='#' onClick='toggleBox("stack-trace1191859239", this, "Click to show all stack frames", "Click to hide stack frames")'>Click to show all stack frames</a>
<div class='stack-trace' id='stack-trace1191859239'><pre>com.applitools.eyes.exceptions.DiffsFoundException: Test &apos;Chart data 2018 and 2019&apos; of &apos;Hackathon&apos; detected differences! See details at: https://eyes.applitools.com/app/batches/00000251828125472269/00000251828125472081?accountId=qoGJj8hxc0mEZSOJID-FVg~~
	at com.applitools.eyes.EyesBase.close(EyesBase.java:510)
	at com.applitools.eyes.selenium.SeleniumEyes.close(SeleniumEyes.java:1903)
	at com.applitools.eyes.selenium.Eyes.close(Eyes.java:541)
	at com.applitools.eyes.selenium.Eyes.close(Eyes.java:155)
	at stepDefinitions.Hooks.AfterSteps(Hooks.java:17)
	at sun.reflect.NativeMethodAccessorImpl.invoke0(Native Method)
	at sun.reflect.NativeMethodAccessorImpl.invoke(NativeMethodAccessorImpl.java:62)
	at sun.reflect.DelegatingMethodAccessorImpl.invoke(DelegatingMethodAccessorImpl.java:43)
	at java.lang.reflect.Method.invoke(Method.java:498)
	at cucumber.runtime.Utils$1.call(Utils.java:26)
	at cucumber.runtime.Timeout.timeout(Timeout.java:16)
	at cucumber.runtime.Utils.invoke(Utils.java:20)
	at cucumber.runtime.java.JavaHookDefinition.execute(JavaHookDefinition.java:65)
	at cucumber.runner.HookDefinitionMatch.runStep(HookDefinitionMatch.java:16)
	at cucumber.runner.TestStep.executeStep(TestStep.java:65)
	at cucumber.runner.TestStep.run(TestStep.java:50)
	at cucumber.runner.TestCase.run(TestCase.java:50)
	at cucumber.runner.Runner.runPickle(Runner.java:50)
	at io.cucumber.testng.TestNGCucumberRunner.runScenario(TestNGCucumberRunner.java:69)
	at io.cucumber.testng.AbstractTestNGCucumberTests.runScenario(AbstractTestNGCucumberTests.java:24)
	at sun.reflect.NativeMethodAccessorImpl.invoke0(Native Method)
	at sun.reflect.NativeMethodAccessorImpl.invoke(NativeMethodAccessorImpl.java:62)
	at sun.reflect.DelegatingMethodAccessorImpl.invoke(DelegatingMethodAccessorImpl.java:43)
	at java.lang.reflect.Method.invoke(Method.java:498)
	at org.testng.internal.MethodInvocationHelper.invokeMethod(MethodInvocationHelper.java:124)
	at org.testng.internal.Invoker.invokeMethod(Invoker.java:583)
	at org.testng.internal.Invoker.invokeTestMethod(Invoker.java:719)
	at org.testng.internal.TestMethodWithDataProviderMethodWorker.call(TestMethodWithDataProviderMethodWorker.java:71)
	at org.testng.internal.TestMethodWithDataProviderMethodWorker.call(TestMethodWithDataProviderMethodWorker.java:14)
	at java.util.concurrent.FutureTask.run(FutureTask.java:266)
	at java.util.concurrent.Executors$RunnableAdapter.call(Executors.java:511)
	at java.util.concurrent.FutureTask.run(FutureTask.java:266)
	at java.util.concurrent.ThreadPoolExecutor.runWorker(ThreadPoolExecutor.java:1149)
	at java.util.concurrent.ThreadPoolExecutor$Worker.run(ThreadPoolExecutor.java:624)
	at java.lang.Thread.run(Thread.java:748)
</pre></div></td>
<td>38</td>
<td>runnerFiles.TestRunner@5afa04c</td></tr>
<tr>
<td title='runnerFiles.TestRunner.runScenario()'><b>runScenario</b><br>Test class: runnerFiles.TestRunner<br>Test method: Runs Cucumber Scenarios<br>Parameters: "As business user Nick wants to assert the presence of advertisements in dashboard", "As a business user verify the presence of advertisements in dashboard"</td>
<td><div><pre>com.applitools.eyes.exceptions.DiffsFoundException: Test &apos;Dashboard advertisements&apos; of &apos;Hackathon&apos; detected differences! See details at: https://eyes.applitools.com/app/batches/00000251828125472266/00000251828125472078?accountId=qoGJj8hxc0mEZSOJID-FVg~~
	at com.applitools.eyes.EyesBase.close(EyesBase.java:510)
	at com.applitools.eyes.selenium.SeleniumEyes.close(SeleniumEyes.java:1903)
	at com.applitools.eyes.selenium.Eyes.close(Eyes.java:541)
	at com.applitools.eyes.selenium.Eyes.close(Eyes.java:155)
	at stepDefinitions.Hooks.AfterSteps(Hooks.java:17)
	at cucumber.runtime.Utils$1.call(Utils.java:26)
	at cucumber.runtime.Timeout.timeout(Timeout.java:16)
	at cucumber.runtime.Utils.invoke(Utils.java:20)
	at cucumber.runtime.java.JavaHookDefinition.execute(JavaHookDefinition.java:65)
	at cucumber.runner.HookDefinitionMatch.runStep(HookDefinitionMatch.java:16)
	at cucumber.runner.TestStep.executeStep(TestStep.java:65)
	at cucumber.runner.TestStep.run(TestStep.java:50)
	at cucumber.runner.TestCase.run(TestCase.java:50)
	at cucumber.runner.Runner.runPickle(Runner.java:50)
	at io.cucumber.testng.TestNGCucumberRunner.runScenario(TestNGCucumberRunner.java:69)
	at io.cucumber.testng.AbstractTestNGCucumberTests.runScenario(AbstractTestNGCucumberTests.java:24)
	at java.util.concurrent.FutureTask.run(FutureTask.java:266)
	at java.util.concurrent.Executors$RunnableAdapter.call(Executors.java:511)
	at java.util.concurrent.FutureTask.run(FutureTask.java:266)
	at java.util.concurrent.ThreadPoolExecutor.runWorker(ThreadPoolExecutor.java:1149)
	at java.util.concurrent.ThreadPoolExecutor$Worker.run(ThreadPoolExecutor.java:624)
	at java.lang.Thread.run(Thread.java:748)
... Removed 13 stack frames</pre></div><a href='#' onClick='toggleBox("stack-trace1175455117", this, "Click to show all stack frames", "Click to hide stack frames")'>Click to show all stack frames</a>
<div class='stack-trace' id='stack-trace1175455117'><pre>com.applitools.eyes.exceptions.DiffsFoundException: Test &apos;Dashboard advertisements&apos; of &apos;Hackathon&apos; detected differences! See details at: https://eyes.applitools.com/app/batches/00000251828125472266/00000251828125472078?accountId=qoGJj8hxc0mEZSOJID-FVg~~
	at com.applitools.eyes.EyesBase.close(EyesBase.java:510)
	at com.applitools.eyes.selenium.SeleniumEyes.close(SeleniumEyes.java:1903)
	at com.applitools.eyes.selenium.Eyes.close(Eyes.java:541)
	at com.applitools.eyes.selenium.Eyes.close(Eyes.java:155)
	at stepDefinitions.Hooks.AfterSteps(Hooks.java:17)
	at sun.reflect.NativeMethodAccessorImpl.invoke0(Native Method)
	at sun.reflect.NativeMethodAccessorImpl.invoke(NativeMethodAccessorImpl.java:62)
	at sun.reflect.DelegatingMethodAccessorImpl.invoke(DelegatingMethodAccessorImpl.java:43)
	at java.lang.reflect.Method.invoke(Method.java:498)
	at cucumber.runtime.Utils$1.call(Utils.java:26)
	at cucumber.runtime.Timeout.timeout(Timeout.java:16)
	at cucumber.runtime.Utils.invoke(Utils.java:20)
	at cucumber.runtime.java.JavaHookDefinition.execute(JavaHookDefinition.java:65)
	at cucumber.runner.HookDefinitionMatch.runStep(HookDefinitionMatch.java:16)
	at cucumber.runner.TestStep.executeStep(TestStep.java:65)
	at cucumber.runner.TestStep.run(TestStep.java:50)
	at cucumber.runner.TestCase.run(TestCase.java:50)
	at cucumber.runner.Runner.runPickle(Runner.java:50)
	at io.cucumber.testng.TestNGCucumberRunner.runScenario(TestNGCucumberRunner.java:69)
	at io.cucumber.testng.AbstractTestNGCucumberTests.runScenario(AbstractTestNGCucumberTests.java:24)
	at sun.reflect.NativeMethodAccessorImpl.invoke0(Native Method)
	at sun.reflect.NativeMethodAccessorImpl.invoke(NativeMethodAccessorImpl.java:62)
	at sun.reflect.DelegatingMethodAccessorImpl.invoke(DelegatingMethodAccessorImpl.java:43)
	at java.lang.reflect.Method.invoke(Method.java:498)
	at org.testng.internal.MethodInvocationHelper.invokeMethod(MethodInvocationHelper.java:124)
	at org.testng.internal.Invoker.invokeMethod(Invoker.java:583)
	at org.testng.internal.Invoker.invokeTestMethod(Invoker.java:719)
	at org.testng.internal.TestMethodWithDataProviderMethodWorker.call(TestMethodWithDataProviderMethodWorker.java:71)
	at org.testng.internal.TestMethodWithDataProviderMethodWorker.call(TestMethodWithDataProviderMethodWorker.java:14)
	at java.util.concurrent.FutureTask.run(FutureTask.java:266)
	at java.util.concurrent.Executors$RunnableAdapter.call(Executors.java:511)
	at java.util.concurrent.FutureTask.run(FutureTask.java:266)
	at java.util.concurrent.ThreadPoolExecutor.runWorker(ThreadPoolExecutor.java:1149)
	at java.util.concurrent.ThreadPoolExecutor$Worker.run(ThreadPoolExecutor.java:624)
	at java.lang.Thread.run(Thread.java:748)
</pre></div></td>
<td>39</td>
<td>runnerFiles.TestRunner@5afa04c</td></tr>
<tr>
<td title='runnerFiles.TestRunner.runScenario()'><b>runScenario</b><br>Test class: runnerFiles.TestRunner<br>Test method: Runs Cucumber Scenarios<br>Parameters: "Login page functionality using applitools", "As an existing customer verify the UI and Functionality of the login page"</td>
<td><div><pre>com.applitools.eyes.exceptions.DiffsFoundException: Test &apos;Login page username and password empty&apos; of &apos;Hackathon&apos; detected differences! See details at: https://eyes.applitools.com/app/batches/00000251828125471837/00000251828125471696?accountId=qoGJj8hxc0mEZSOJID-FVg~~
	at com.applitools.eyes.EyesBase.close(EyesBase.java:510)
	at com.applitools.eyes.selenium.SeleniumEyes.close(SeleniumEyes.java:1903)
	at com.applitools.eyes.selenium.Eyes.close(Eyes.java:541)
	at com.applitools.eyes.selenium.Eyes.close(Eyes.java:155)
	at stepDefinitions.Hooks.AfterSteps(Hooks.java:17)
	at cucumber.runtime.Utils$1.call(Utils.java:26)
	at cucumber.runtime.Timeout.timeout(Timeout.java:16)
	at cucumber.runtime.Utils.invoke(Utils.java:20)
	at cucumber.runtime.java.JavaHookDefinition.execute(JavaHookDefinition.java:65)
	at cucumber.runner.HookDefinitionMatch.runStep(HookDefinitionMatch.java:16)
	at cucumber.runner.TestStep.executeStep(TestStep.java:65)
	at cucumber.runner.TestStep.run(TestStep.java:50)
	at cucumber.runner.TestCase.run(TestCase.java:50)
	at cucumber.runner.Runner.runPickle(Runner.java:50)
	at io.cucumber.testng.TestNGCucumberRunner.runScenario(TestNGCucumberRunner.java:69)
	at io.cucumber.testng.AbstractTestNGCucumberTests.runScenario(AbstractTestNGCucumberTests.java:24)
	at java.util.concurrent.FutureTask.run(FutureTask.java:266)
	at java.util.concurrent.Executors$RunnableAdapter.call(Executors.java:511)
	at java.util.concurrent.FutureTask.run(FutureTask.java:266)
	at java.util.concurrent.ThreadPoolExecutor.runWorker(ThreadPoolExecutor.java:1149)
	at java.util.concurrent.ThreadPoolExecutor$Worker.run(ThreadPoolExecutor.java:624)
	at java.lang.Thread.run(Thread.java:748)
... Removed 13 stack frames</pre></div><a href='#' onClick='toggleBox("stack-trace107626708", this, "Click to show all stack frames", "Click to hide stack frames")'>Click to show all stack frames</a>
<div class='stack-trace' id='stack-trace107626708'><pre>com.applitools.eyes.exceptions.DiffsFoundException: Test &apos;Login page username and password empty&apos; of &apos;Hackathon&apos; detected differences! See details at: https://eyes.applitools.com/app/batches/00000251828125471837/00000251828125471696?accountId=qoGJj8hxc0mEZSOJID-FVg~~
	at com.applitools.eyes.EyesBase.close(EyesBase.java:510)
	at com.applitools.eyes.selenium.SeleniumEyes.close(SeleniumEyes.java:1903)
	at com.applitools.eyes.selenium.Eyes.close(Eyes.java:541)
	at com.applitools.eyes.selenium.Eyes.close(Eyes.java:155)
	at stepDefinitions.Hooks.AfterSteps(Hooks.java:17)
	at sun.reflect.NativeMethodAccessorImpl.invoke0(Native Method)
	at sun.reflect.NativeMethodAccessorImpl.invoke(NativeMethodAccessorImpl.java:62)
	at sun.reflect.DelegatingMethodAccessorImpl.invoke(DelegatingMethodAccessorImpl.java:43)
	at java.lang.reflect.Method.invoke(Method.java:498)
	at cucumber.runtime.Utils$1.call(Utils.java:26)
	at cucumber.runtime.Timeout.timeout(Timeout.java:16)
	at cucumber.runtime.Utils.invoke(Utils.java:20)
	at cucumber.runtime.java.JavaHookDefinition.execute(JavaHookDefinition.java:65)
	at cucumber.runner.HookDefinitionMatch.runStep(HookDefinitionMatch.java:16)
	at cucumber.runner.TestStep.executeStep(TestStep.java:65)
	at cucumber.runner.TestStep.run(TestStep.java:50)
	at cucumber.runner.TestCase.run(TestCase.java:50)
	at cucumber.runner.Runner.runPickle(Runner.java:50)
	at io.cucumber.testng.TestNGCucumberRunner.runScenario(TestNGCucumberRunner.java:69)
	at io.cucumber.testng.AbstractTestNGCucumberTests.runScenario(AbstractTestNGCucumberTests.java:24)
	at sun.reflect.NativeMethodAccessorImpl.invoke0(Native Method)
	at sun.reflect.NativeMethodAccessorImpl.invoke(NativeMethodAccessorImpl.java:62)
	at sun.reflect.DelegatingMethodAccessorImpl.invoke(DelegatingMethodAccessorImpl.java:43)
	at java.lang.reflect.Method.invoke(Method.java:498)
	at org.testng.internal.MethodInvocationHelper.invokeMethod(MethodInvocationHelper.java:124)
	at org.testng.internal.Invoker.invokeMethod(Invoker.java:583)
	at org.testng.internal.Invoker.invokeTestMethod(Invoker.java:719)
	at org.testng.internal.TestMethodWithDataProviderMethodWorker.call(TestMethodWithDataProviderMethodWorker.java:71)
	at org.testng.internal.TestMethodWithDataProviderMethodWorker.call(TestMethodWithDataProviderMethodWorker.java:14)
	at java.util.concurrent.FutureTask.run(FutureTask.java:266)
	at java.util.concurrent.Executors$RunnableAdapter.call(Executors.java:511)
	at java.util.concurrent.FutureTask.run(FutureTask.java:266)
	at java.util.concurrent.ThreadPoolExecutor.runWorker(ThreadPoolExecutor.java:1149)
	at java.util.concurrent.ThreadPoolExecutor$Worker.run(ThreadPoolExecutor.java:624)
	at java.lang.Thread.run(Thread.java:748)
</pre></div></td>
<td>59</td>
<td>runnerFiles.TestRunner@5afa04c</td></tr>
</table><p>
</body>
</html>