<?xml version="1.0" encoding="UTF-8"?>
<testsuite name="TestSuite" time="164.477" tests="8" errors="0" skipped="0" failures="8">
  <properties>
    <property name="java.runtime.name" value="OpenJDK Runtime Environment"/>
    <property name="sun.boot.library.path" value="/usr/lib/jvm/java-8-openjdk/jre/lib/amd64"/>
    <property name="java.vm.version" value="25.232-b09"/>
    <property name="java.vm.vendor" value="Oracle Corporation"/>
    <property name="maven.multiModuleProjectDirectory" value="/home/athul/IdeaProjects/hackathon"/>
    <property name="java.vendor.url" value="http://java.oracle.com/"/>
    <property name="path.separator" value=":"/>
    <property name="guice.disable.misplaced.annotation.check" value="true"/>
    <property name="java.vm.name" value="OpenJDK 64-Bit Server VM"/>
    <property name="file.encoding.pkg" value="sun.io"/>
    <property name="user.country" value="IN"/>
    <property name="sun.java.launcher" value="SUN_STANDARD"/>
    <property name="sun.os.patch.level" value="unknown"/>
    <property name="java.vm.specification.name" value="Java Virtual Machine Specification"/>
    <property name="user.dir" value="/home/athul/IdeaProjects/hackathon"/>
    <property name="java.runtime.version" value="1.8.0_232-b09"/>
    <property name="java.awt.graphicsenv" value="sun.awt.X11GraphicsEnvironment"/>
    <property name="java.endorsed.dirs" value="/usr/lib/jvm/java-8-openjdk/jre/lib/endorsed"/>
    <property name="os.arch" value="amd64"/>
    <property name="java.io.tmpdir" value="/tmp"/>
    <property name="line.separator" value="&#10;"/>
    <property name="java.vm.specification.vendor" value="Oracle Corporation"/>
    <property name="os.name" value="Linux"/>
    <property name="classworlds.conf" value="/opt/maven/bin/m2.conf"/>
    <property name="sun.jnu.encoding" value="UTF-8"/>
    <property name="java.library.path" value="/usr/java/packages/lib/amd64:/usr/lib64:/lib64:/lib:/usr/lib"/>
    <property name="maven.conf" value="/opt/maven/conf"/>
    <property name="java.specification.name" value="Java Platform API Specification"/>
    <property name="java.class.version" value="52.0"/>
    <property name="sun.management.compiler" value="HotSpot 64-Bit Tiered Compilers"/>
    <property name="os.version" value="5.3.11-1-MANJARO"/>
    <property name="library.jansi.path" value="/opt/maven/lib/jansi-native"/>
    <property name="user.home" value="/home/athul"/>
    <property name="user.timezone" value="Asia/Kolkata"/>
    <property name="java.awt.printerjob" value="sun.print.PSPrinterJob"/>
    <property name="java.specification.version" value="1.8"/>
    <property name="file.encoding" value="UTF-8"/>
    <property name="user.name" value="athul"/>
    <property name="java.class.path" value="/opt/maven/boot/plexus-classworlds-2.6.0.jar"/>
    <property name="java.vm.specification.version" value="1.8"/>
    <property name="sun.arch.data.model" value="64"/>
    <property name="java.home" value="/usr/lib/jvm/java-8-openjdk/jre"/>
    <property name="sun.java.command" value="org.codehaus.plexus.classworlds.launcher.Launcher test"/>
    <property name="java.specification.vendor" value="Oracle Corporation"/>
    <property name="user.language" value="en"/>
    <property name="awt.toolkit" value="sun.awt.X11.XToolkit"/>
    <property name="java.vm.info" value="mixed mode"/>
    <property name="java.version" value="1.8.0_232"/>
    <property name="java.ext.dirs" value="/usr/lib/jvm/java-8-openjdk/jre/lib/ext:/usr/java/packages/lib/ext"/>
    <property name="securerandom.source" value="file:/dev/./urandom"/>
    <property name="sun.boot.class.path" value="/usr/lib/jvm/java-8-openjdk/jre/lib/resources.jar:/usr/lib/jvm/java-8-openjdk/jre/lib/rt.jar:/usr/lib/jvm/java-8-openjdk/jre/lib/sunrsasign.jar:/usr/lib/jvm/java-8-openjdk/jre/lib/jsse.jar:/usr/lib/jvm/java-8-openjdk/jre/lib/jce.jar:/usr/lib/jvm/java-8-openjdk/jre/lib/charsets.jar:/usr/lib/jvm/java-8-openjdk/jre/lib/jfr.jar:/usr/lib/jvm/java-8-openjdk/jre/classes"/>
    <property name="java.vendor" value="Oracle Corporation"/>
    <property name="maven.home" value="/opt/maven"/>
    <property name="file.separator" value="/"/>
    <property name="java.vendor.url.bug" value="http://bugreport.sun.com/bugreport/"/>
    <property name="sun.cpu.endian" value="little"/>
    <property name="sun.io.unicode.encoding" value="UnicodeLittle"/>
    <property name="sun.cpu.isalist" value=""/>
  </properties>
  <testcase name="runScenario" classname="runnerFiles.TestRunner" time="4.192">
    <failure message="Login page header text mismatch found expected [Login Form] but found [Logout Form]" type="java.lang.AssertionError">java.lang.AssertionError: Login page header text mismatch found expected [Login Form] but found [Logout Form]
	at org.testng.Assert.fail(Assert.java:96)
	at org.testng.Assert.failNotEquals(Assert.java:776)
	at org.testng.Assert.assertEqualsImpl(Assert.java:137)
	at org.testng.Assert.assertEquals(Assert.java:118)
	at org.testng.Assert.assertEquals(Assert.java:453)
	at pageObjects.loginPage.WhetherHeaderIsPresentInThePage(loginPage.java:72)
	at stepDefinitions.loginPageSteps.checkWhetherHeaderIsPresentInThePage(loginPageSteps.java:25)
	at ✽.header "Login Form" is present in the page(file:src/main/resources/featureList/loginpage.feature:8)
</failure>
    <system-err>Nov 19, 2019 8:25:03 PM cucumber.runtime.java.ObjectFactoryLoader loadSingleObjectFactory
INFO: Loading ObjectFactory via service loader: io.cucumber.picocontainer.PicoFactory
Nov 19, 2019 8:25:03 PM cucumber.runtime.java.ObjectFactoryLoader loadSingleObjectFactory
INFO: Loading ObjectFactory via service loader: io.cucumber.picocontainer.PicoFactory
Nov 19, 2019 8:25:03 PM cucumber.runtime.java.ObjectFactoryLoader loadSingleObjectFactory
INFO: Loading ObjectFactory via service loader: io.cucumber.picocontainer.PicoFactory
Nov 19, 2019 8:25:03 PM cucumber.runtime.java.ObjectFactoryLoader loadSingleObjectFactory
INFO: Loading ObjectFactory via service loader: io.cucumber.picocontainer.PicoFactory
Nov 19, 2019 8:25:03 PM cucumber.runtime.java.ObjectFactoryLoader loadSingleObjectFactory
INFO: Loading ObjectFactory via service loader: io.cucumber.picocontainer.PicoFactory
Starting ChromeDriver 77.0.3865.10 (bc3579f611bbc73331171afe020ec7a45e6ccc55-refs/branch-heads/3865@{#93}) on port 3836
Only local connections are allowed.
Please protect ports used by ChromeDriver and related test frameworks to prevent access by malicious code.
Starting ChromeDriver 77.0.3865.10 (bc3579f611bbc73331171afe020ec7a45e6ccc55-refs/branch-heads/3865@{#93}) on port 19497
Only lSoctarting ChromeDriver 77.0.3865.10 (bc3579f611bbc73331171afe020ec7a45e6ccc55-refs/branch-heads/3865@{#93}) on port 29231
Only local connections are allowed.
Please protect ports used by ChromeDriver and related test frameworks to prevent access by malicious code.
Starting ChromeDriver 77.0.3865.10 (bc3579f611bbc73331171afe020ec7a45e6ccc55-refs/branch-heads/3865@{#93}) on port 10170
Only local connections are allowed.
Please protect ports used by ChromeDriver and related test frameworks to prevent access by malicious code.
al connections are allowed.
Please protect ports used by ChromeDriver and related test frameworks to prevent access by malicious code.
Starting ChromeDriver 77.0.3865.10 (bc3579f611bbc73331171afe020ec7a45e6ccc55-refs/branch-heads/3865@{#93}) on port 20751
Only local connections are allowed.
Please protect ports used by ChromeDriver and related test frameworks to prevent access by malicious code.
[1574[1574175304.521][WARNING]: This version of ChromeDriver has not been tested with Chrome version 78.
175304.521][WARNING]: This version of ChromeDriver has not been tested with Chrome version 78.
[1574175304.530][WARNING]: This version of ChromeDriver has not been tested with Chrome version 78.
[1574175304.565][WARNING]: This version of ChromeDriver has not been tested with Chrome version 78.
[1574175304.647][WARNING]: This version of ChromeDriver has not been tested with Chrome version 78.
Nov 19, 2019 8:25:04 PM org.openqa.selenium.remote.ProtocolHandshake createSession
INFO: Detected dialect: W3C
Nov 19, 2019 8:25:04 PM org.openqa.selenium.remote.ProtocolHandshake createSession
INFO: Detected dialect: W3C
Nov 19, 2019 8:25:04 PM org.openqa.selenium.remote.ProtocolHandshake createSession
INFO: Detected dialect: W3C
Nov 19, 2019 8:25:04 PM org.openqa.selenium.remote.ProtocolHandshake createSession
INFO: Detected dialect: W3C
Nov 19, 2019 8:25:04 PM org.openqa.selenium.remote.ProtocolHandshake createSession
INFO: Detected dialect: W3C
</system-err>
  </testcase>
  <testcase name="runScenario" classname="runnerFiles.TestRunner" time="3.265">
    <failure message="Amount sort failed.Values are in random order expected [true] but found [false]" type="java.lang.AssertionError">java.lang.AssertionError: Amount sort failed.Values are in random order expected [true] but found [false]
	at org.testng.Assert.fail(Assert.java:96)
	at org.testng.Assert.failNotEquals(Assert.java:776)
	at org.testng.Assert.assertTrue(Assert.java:44)
	at pageObjects.dashboard.AmountsAreInAccendingOrder(dashboard.java:54)
	at stepDefinitions.dashboardSteps.assertAmountsAreInAscendingOrder(dashboardSteps.java:26)
	at ✽.amounts are in ascending order(file:src/main/resources/featureList/amountSort.feature:11)
</failure>
    <system-err>Starting ChromeDriver 77.0.3865.10 (bc3579f611bbc73331171afe020ec7a45e6ccc55-refs/branch-heads/3865@{#93}) on port 2136
Only local connections are allowed.
Please protect ports used by ChromeDriver and related test frameworks to prevent access by malicious code.
[1574175309.018][WARNING]: This version of ChromeDriver has not been tested with Chrome version 78.
Nov 19, 2019 8:25:09 PM org.openqa.selenium.remote.ProtocolHandshake createSession
INFO: Detected dialect: W3C
</system-err>
  </testcase>
  <testcase name="runScenario" classname="runnerFiles.TestRunner" time="3.283">
    <failure message="username and password empty warning mismatch found expected [Both Username and Password must be present] but found [Please enter both username and password]" type="java.lang.AssertionError">java.lang.AssertionError: username and password empty warning mismatch found expected [Both Username and Password must be present] but found [Please enter both username and password]
	at org.testng.Assert.fail(Assert.java:96)
	at org.testng.Assert.failNotEquals(Assert.java:776)
	at org.testng.Assert.assertEqualsImpl(Assert.java:137)
	at org.testng.Assert.assertEquals(Assert.java:118)
	at org.testng.Assert.assertEquals(Assert.java:453)
	at pageObjects.loginPage.fieldEmtyWarmingIsShown(loginPage.java:141)
	at stepDefinitions.loginPageSteps.passwordAndUsernameEmptyErrorIsShown(loginPageSteps.java:90)
	at ✽.password and username empty "Both Username and Password must be present" error is shown(file:src/main/resources/featureList/loginpage.feature:27)
</failure>
    <system-err>Starting ChromeDriver 77.0.3865.10 (bc3579f611bbc73331171afe020ec7a45e6ccc55-refs/branch-heads/3865@{#93}) on port 3937
Only local connections are allowed.
Please protect ports used by ChromeDriver and related test frameworks to prevent access by malicious code.
[1574175312.031][WARNING]: This version of ChromeDriver has not been tested with Chrome version 78.
Nov 19, 2019 8:25:12 PM org.openqa.selenium.remote.ProtocolHandshake createSession
INFO: Detected dialect: W3C
SLF4J: Failed to load class "org.slf4j.impl.StaticLoggerBinder".
SLF4J: Defaulting to no-operation (NOP) logger implementation
SLF4J: See http://www.slf4j.org/codes.html#StaticLoggerBinder for further details.
</system-err>
  </testcase>
  <testcase name="runScenario" classname="runnerFiles.TestRunner" time="18.033">
    <failure message="Test &apos;login UI components&apos; of &apos;Hackathon&apos; detected differences! See details at: https://eyes.applitools.com/app/batches/00000251828125472261/00000251828125472074?accountId=qoGJj8hxc0mEZSOJID-FVg~~" type="com.applitools.eyes.exceptions.DiffsFoundException">com.applitools.eyes.exceptions.DiffsFoundException: Test 'login UI components' of 'Hackathon' detected differences! See details at: https://eyes.applitools.com/app/batches/00000251828125472261/00000251828125472074?accountId=qoGJj8hxc0mEZSOJID-FVg~~
	at com.applitools.eyes.EyesBase.close(EyesBase.java:510)
	at com.applitools.eyes.selenium.SeleniumEyes.close(SeleniumEyes.java:1903)
	at com.applitools.eyes.selenium.Eyes.close(Eyes.java:541)
	at com.applitools.eyes.selenium.Eyes.close(Eyes.java:155)
	at stepDefinitions.Hooks.AfterSteps(Hooks.java:17)
	at sun.reflect.NativeMethodAccessorImpl.invoke0(Native Method)
	at sun.reflect.NativeMethodAccessorImpl.invoke(NativeMethodAccessorImpl.java:62)
	at sun.reflect.DelegatingMethodAccessorImpl.invoke(DelegatingMethodAccessorImpl.java:43)
	at java.lang.reflect.Method.invoke(Method.java:498)
	at cucumber.runtime.Utils$1.call(Utils.java:26)
	at cucumber.runtime.Timeout.timeout(Timeout.java:16)
	at cucumber.runtime.Utils.invoke(Utils.java:20)
	at cucumber.runtime.java.JavaHookDefinition.execute(JavaHookDefinition.java:65)
	at cucumber.runner.HookDefinitionMatch.runStep(HookDefinitionMatch.java:16)
	at cucumber.runner.TestStep.executeStep(TestStep.java:65)
	at cucumber.runner.TestStep.run(TestStep.java:50)
	at cucumber.runner.TestCase.run(TestCase.java:50)
	at cucumber.runner.Runner.runPickle(Runner.java:50)
	at io.cucumber.testng.TestNGCucumberRunner.runScenario(TestNGCucumberRunner.java:69)
	at io.cucumber.testng.AbstractTestNGCucumberTests.runScenario(AbstractTestNGCucumberTests.java:24)
	at sun.reflect.NativeMethodAccessorImpl.invoke0(Native Method)
	at sun.reflect.NativeMethodAccessorImpl.invoke(NativeMethodAccessorImpl.java:62)
	at sun.reflect.DelegatingMethodAccessorImpl.invoke(DelegatingMethodAccessorImpl.java:43)
	at java.lang.reflect.Method.invoke(Method.java:498)
	at org.testng.internal.MethodInvocationHelper.invokeMethod(MethodInvocationHelper.java:124)
	at org.testng.internal.Invoker.invokeMethod(Invoker.java:583)
	at org.testng.internal.Invoker.invokeTestMethod(Invoker.java:719)
	at org.testng.internal.TestMethodWithDataProviderMethodWorker.call(TestMethodWithDataProviderMethodWorker.java:71)
	at org.testng.internal.TestMethodWithDataProviderMethodWorker.call(TestMethodWithDataProviderMethodWorker.java:14)
	at java.util.concurrent.FutureTask.run(FutureTask.java:266)
	at java.util.concurrent.Executors$RunnableAdapter.call(Executors.java:511)
	at java.util.concurrent.FutureTask.run(FutureTask.java:266)
	at java.util.concurrent.ThreadPoolExecutor.runWorker(ThreadPoolExecutor.java:1149)
	at java.util.concurrent.ThreadPoolExecutor$Worker.run(ThreadPoolExecutor.java:624)
	at java.lang.Thread.run(Thread.java:748)
</failure>
    <system-err>Starting ChromeDriver 77.0.3865.10 (bc3579f611bbc73331171afe020ec7a45e6ccc55-refs/branch-heads/3865@{#93}) on port 25296
Only local connections are allowed.
Please protect ports used by ChromeDriver and related test frameworks to prevent access by malicious code.
[1574175314.973][WARNING]: This version of ChromeDriver has not been tested with Chrome version 78.
Nov 19, 2019 8:25:15 PM org.openqa.selenium.remote.ProtocolHandshake createSession
INFO: Detected dialect: W3C
</system-err>
  </testcase>
  <testcase name="runScenario" classname="runnerFiles.TestRunner" time="19.803">
    <failure message="Test &apos;Dashboard amount sort functionality&apos; of &apos;Hackathon&apos; detected differences! See details at: https://eyes.applitools.com/app/batches/00000251828125472267/00000251828125472064?accountId=qoGJj8hxc0mEZSOJID-FVg~~" type="com.applitools.eyes.exceptions.DiffsFoundException">com.applitools.eyes.exceptions.DiffsFoundException: Test 'Dashboard amount sort functionality' of 'Hackathon' detected differences! See details at: https://eyes.applitools.com/app/batches/00000251828125472267/00000251828125472064?accountId=qoGJj8hxc0mEZSOJID-FVg~~
	at com.applitools.eyes.EyesBase.close(EyesBase.java:510)
	at com.applitools.eyes.selenium.SeleniumEyes.close(SeleniumEyes.java:1903)
	at com.applitools.eyes.selenium.Eyes.close(Eyes.java:541)
	at com.applitools.eyes.selenium.Eyes.close(Eyes.java:155)
	at stepDefinitions.Hooks.AfterSteps(Hooks.java:17)
	at sun.reflect.NativeMethodAccessorImpl.invoke0(Native Method)
	at sun.reflect.NativeMethodAccessorImpl.invoke(NativeMethodAccessorImpl.java:62)
	at sun.reflect.DelegatingMethodAccessorImpl.invoke(DelegatingMethodAccessorImpl.java:43)
	at java.lang.reflect.Method.invoke(Method.java:498)
	at cucumber.runtime.Utils$1.call(Utils.java:26)
	at cucumber.runtime.Timeout.timeout(Timeout.java:16)
	at cucumber.runtime.Utils.invoke(Utils.java:20)
	at cucumber.runtime.java.JavaHookDefinition.execute(JavaHookDefinition.java:65)
	at cucumber.runner.HookDefinitionMatch.runStep(HookDefinitionMatch.java:16)
	at cucumber.runner.TestStep.executeStep(TestStep.java:65)
	at cucumber.runner.TestStep.run(TestStep.java:50)
	at cucumber.runner.TestCase.run(TestCase.java:50)
	at cucumber.runner.Runner.runPickle(Runner.java:50)
	at io.cucumber.testng.TestNGCucumberRunner.runScenario(TestNGCucumberRunner.java:69)
	at io.cucumber.testng.AbstractTestNGCucumberTests.runScenario(AbstractTestNGCucumberTests.java:24)
	at sun.reflect.NativeMethodAccessorImpl.invoke0(Native Method)
	at sun.reflect.NativeMethodAccessorImpl.invoke(NativeMethodAccessorImpl.java:62)
	at sun.reflect.DelegatingMethodAccessorImpl.invoke(DelegatingMethodAccessorImpl.java:43)
	at java.lang.reflect.Method.invoke(Method.java:498)
	at org.testng.internal.MethodInvocationHelper.invokeMethod(MethodInvocationHelper.java:124)
	at org.testng.internal.Invoker.invokeMethod(Invoker.java:583)
	at org.testng.internal.Invoker.invokeTestMethod(Invoker.java:719)
	at org.testng.internal.TestMethodWithDataProviderMethodWorker.call(TestMethodWithDataProviderMethodWorker.java:71)
	at org.testng.internal.TestMethodWithDataProviderMethodWorker.call(TestMethodWithDataProviderMethodWorker.java:14)
	at java.util.concurrent.FutureTask.run(FutureTask.java:266)
	at java.util.concurrent.Executors$RunnableAdapter.call(Executors.java:511)
	at java.util.concurrent.FutureTask.run(FutureTask.java:266)
	at java.util.concurrent.ThreadPoolExecutor.runWorker(ThreadPoolExecutor.java:1149)
	at java.util.concurrent.ThreadPoolExecutor$Worker.run(ThreadPoolExecutor.java:624)
	at java.lang.Thread.run(Thread.java:748)
</failure>
  </testcase>
  <testcase name="runScenario" classname="runnerFiles.TestRunner" time="28.091">
    <failure message="Test &apos;Chart data 2018 and 2019&apos; of &apos;Hackathon&apos; detected differences! See details at: https://eyes.applitools.com/app/batches/00000251828125472269/00000251828125472081?accountId=qoGJj8hxc0mEZSOJID-FVg~~" type="com.applitools.eyes.exceptions.DiffsFoundException">com.applitools.eyes.exceptions.DiffsFoundException: Test 'Chart data 2018 and 2019' of 'Hackathon' detected differences! See details at: https://eyes.applitools.com/app/batches/00000251828125472269/00000251828125472081?accountId=qoGJj8hxc0mEZSOJID-FVg~~
	at com.applitools.eyes.EyesBase.close(EyesBase.java:510)
	at com.applitools.eyes.selenium.SeleniumEyes.close(SeleniumEyes.java:1903)
	at com.applitools.eyes.selenium.Eyes.close(Eyes.java:541)
	at com.applitools.eyes.selenium.Eyes.close(Eyes.java:155)
	at stepDefinitions.Hooks.AfterSteps(Hooks.java:17)
	at sun.reflect.NativeMethodAccessorImpl.invoke0(Native Method)
	at sun.reflect.NativeMethodAccessorImpl.invoke(NativeMethodAccessorImpl.java:62)
	at sun.reflect.DelegatingMethodAccessorImpl.invoke(DelegatingMethodAccessorImpl.java:43)
	at java.lang.reflect.Method.invoke(Method.java:498)
	at cucumber.runtime.Utils$1.call(Utils.java:26)
	at cucumber.runtime.Timeout.timeout(Timeout.java:16)
	at cucumber.runtime.Utils.invoke(Utils.java:20)
	at cucumber.runtime.java.JavaHookDefinition.execute(JavaHookDefinition.java:65)
	at cucumber.runner.HookDefinitionMatch.runStep(HookDefinitionMatch.java:16)
	at cucumber.runner.TestStep.executeStep(TestStep.java:65)
	at cucumber.runner.TestStep.run(TestStep.java:50)
	at cucumber.runner.TestCase.run(TestCase.java:50)
	at cucumber.runner.Runner.runPickle(Runner.java:50)
	at io.cucumber.testng.TestNGCucumberRunner.runScenario(TestNGCucumberRunner.java:69)
	at io.cucumber.testng.AbstractTestNGCucumberTests.runScenario(AbstractTestNGCucumberTests.java:24)
	at sun.reflect.NativeMethodAccessorImpl.invoke0(Native Method)
	at sun.reflect.NativeMethodAccessorImpl.invoke(NativeMethodAccessorImpl.java:62)
	at sun.reflect.DelegatingMethodAccessorImpl.invoke(DelegatingMethodAccessorImpl.java:43)
	at java.lang.reflect.Method.invoke(Method.java:498)
	at org.testng.internal.MethodInvocationHelper.invokeMethod(MethodInvocationHelper.java:124)
	at org.testng.internal.Invoker.invokeMethod(Invoker.java:583)
	at org.testng.internal.Invoker.invokeTestMethod(Invoker.java:719)
	at org.testng.internal.TestMethodWithDataProviderMethodWorker.call(TestMethodWithDataProviderMethodWorker.java:71)
	at org.testng.internal.TestMethodWithDataProviderMethodWorker.call(TestMethodWithDataProviderMethodWorker.java:14)
	at java.util.concurrent.FutureTask.run(FutureTask.java:266)
	at java.util.concurrent.Executors$RunnableAdapter.call(Executors.java:511)
	at java.util.concurrent.FutureTask.run(FutureTask.java:266)
	at java.util.concurrent.ThreadPoolExecutor.runWorker(ThreadPoolExecutor.java:1149)
	at java.util.concurrent.ThreadPoolExecutor$Worker.run(ThreadPoolExecutor.java:624)
	at java.lang.Thread.run(Thread.java:748)
</failure>
  </testcase>
  <testcase name="runScenario" classname="runnerFiles.TestRunner" time="28.395">
    <failure message="Test &apos;Dashboard advertisements&apos; of &apos;Hackathon&apos; detected differences! See details at: https://eyes.applitools.com/app/batches/00000251828125472266/00000251828125472078?accountId=qoGJj8hxc0mEZSOJID-FVg~~" type="com.applitools.eyes.exceptions.DiffsFoundException">com.applitools.eyes.exceptions.DiffsFoundException: Test 'Dashboard advertisements' of 'Hackathon' detected differences! See details at: https://eyes.applitools.com/app/batches/00000251828125472266/00000251828125472078?accountId=qoGJj8hxc0mEZSOJID-FVg~~
	at com.applitools.eyes.EyesBase.close(EyesBase.java:510)
	at com.applitools.eyes.selenium.SeleniumEyes.close(SeleniumEyes.java:1903)
	at com.applitools.eyes.selenium.Eyes.close(Eyes.java:541)
	at com.applitools.eyes.selenium.Eyes.close(Eyes.java:155)
	at stepDefinitions.Hooks.AfterSteps(Hooks.java:17)
	at sun.reflect.NativeMethodAccessorImpl.invoke0(Native Method)
	at sun.reflect.NativeMethodAccessorImpl.invoke(NativeMethodAccessorImpl.java:62)
	at sun.reflect.DelegatingMethodAccessorImpl.invoke(DelegatingMethodAccessorImpl.java:43)
	at java.lang.reflect.Method.invoke(Method.java:498)
	at cucumber.runtime.Utils$1.call(Utils.java:26)
	at cucumber.runtime.Timeout.timeout(Timeout.java:16)
	at cucumber.runtime.Utils.invoke(Utils.java:20)
	at cucumber.runtime.java.JavaHookDefinition.execute(JavaHookDefinition.java:65)
	at cucumber.runner.HookDefinitionMatch.runStep(HookDefinitionMatch.java:16)
	at cucumber.runner.TestStep.executeStep(TestStep.java:65)
	at cucumber.runner.TestStep.run(TestStep.java:50)
	at cucumber.runner.TestCase.run(TestCase.java:50)
	at cucumber.runner.Runner.runPickle(Runner.java:50)
	at io.cucumber.testng.TestNGCucumberRunner.runScenario(TestNGCucumberRunner.java:69)
	at io.cucumber.testng.AbstractTestNGCucumberTests.runScenario(AbstractTestNGCucumberTests.java:24)
	at sun.reflect.NativeMethodAccessorImpl.invoke0(Native Method)
	at sun.reflect.NativeMethodAccessorImpl.invoke(NativeMethodAccessorImpl.java:62)
	at sun.reflect.DelegatingMethodAccessorImpl.invoke(DelegatingMethodAccessorImpl.java:43)
	at java.lang.reflect.Method.invoke(Method.java:498)
	at org.testng.internal.MethodInvocationHelper.invokeMethod(MethodInvocationHelper.java:124)
	at org.testng.internal.Invoker.invokeMethod(Invoker.java:583)
	at org.testng.internal.Invoker.invokeTestMethod(Invoker.java:719)
	at org.testng.internal.TestMethodWithDataProviderMethodWorker.call(TestMethodWithDataProviderMethodWorker.java:71)
	at org.testng.internal.TestMethodWithDataProviderMethodWorker.call(TestMethodWithDataProviderMethodWorker.java:14)
	at java.util.concurrent.FutureTask.run(FutureTask.java:266)
	at java.util.concurrent.Executors$RunnableAdapter.call(Executors.java:511)
	at java.util.concurrent.FutureTask.run(FutureTask.java:266)
	at java.util.concurrent.ThreadPoolExecutor.runWorker(ThreadPoolExecutor.java:1149)
	at java.util.concurrent.ThreadPoolExecutor$Worker.run(ThreadPoolExecutor.java:624)
	at java.lang.Thread.run(Thread.java:748)
</failure>
  </testcase>
  <testcase name="runScenario" classname="runnerFiles.TestRunner" time="59.415">
    <failure message="Test &apos;Login page username and password empty&apos; of &apos;Hackathon&apos; detected differences! See details at: https://eyes.applitools.com/app/batches/00000251828125471837/00000251828125471696?accountId=qoGJj8hxc0mEZSOJID-FVg~~" type="com.applitools.eyes.exceptions.DiffsFoundException">com.applitools.eyes.exceptions.DiffsFoundException: Test 'Login page username and password empty' of 'Hackathon' detected differences! See details at: https://eyes.applitools.com/app/batches/00000251828125471837/00000251828125471696?accountId=qoGJj8hxc0mEZSOJID-FVg~~
	at com.applitools.eyes.EyesBase.close(EyesBase.java:510)
	at com.applitools.eyes.selenium.SeleniumEyes.close(SeleniumEyes.java:1903)
	at com.applitools.eyes.selenium.Eyes.close(Eyes.java:541)
	at com.applitools.eyes.selenium.Eyes.close(Eyes.java:155)
	at stepDefinitions.Hooks.AfterSteps(Hooks.java:17)
	at sun.reflect.NativeMethodAccessorImpl.invoke0(Native Method)
	at sun.reflect.NativeMethodAccessorImpl.invoke(NativeMethodAccessorImpl.java:62)
	at sun.reflect.DelegatingMethodAccessorImpl.invoke(DelegatingMethodAccessorImpl.java:43)
	at java.lang.reflect.Method.invoke(Method.java:498)
	at cucumber.runtime.Utils$1.call(Utils.java:26)
	at cucumber.runtime.Timeout.timeout(Timeout.java:16)
	at cucumber.runtime.Utils.invoke(Utils.java:20)
	at cucumber.runtime.java.JavaHookDefinition.execute(JavaHookDefinition.java:65)
	at cucumber.runner.HookDefinitionMatch.runStep(HookDefinitionMatch.java:16)
	at cucumber.runner.TestStep.executeStep(TestStep.java:65)
	at cucumber.runner.TestStep.run(TestStep.java:50)
	at cucumber.runner.TestCase.run(TestCase.java:50)
	at cucumber.runner.Runner.runPickle(Runner.java:50)
	at io.cucumber.testng.TestNGCucumberRunner.runScenario(TestNGCucumberRunner.java:69)
	at io.cucumber.testng.AbstractTestNGCucumberTests.runScenario(AbstractTestNGCucumberTests.java:24)
	at sun.reflect.NativeMethodAccessorImpl.invoke0(Native Method)
	at sun.reflect.NativeMethodAccessorImpl.invoke(NativeMethodAccessorImpl.java:62)
	at sun.reflect.DelegatingMethodAccessorImpl.invoke(DelegatingMethodAccessorImpl.java:43)
	at java.lang.reflect.Method.invoke(Method.java:498)
	at org.testng.internal.MethodInvocationHelper.invokeMethod(MethodInvocationHelper.java:124)
	at org.testng.internal.Invoker.invokeMethod(Invoker.java:583)
	at org.testng.internal.Invoker.invokeTestMethod(Invoker.java:719)
	at org.testng.internal.TestMethodWithDataProviderMethodWorker.call(TestMethodWithDataProviderMethodWorker.java:71)
	at org.testng.internal.TestMethodWithDataProviderMethodWorker.call(TestMethodWithDataProviderMethodWorker.java:14)
	at java.util.concurrent.FutureTask.run(FutureTask.java:266)
	at java.util.concurrent.Executors$RunnableAdapter.call(Executors.java:511)
	at java.util.concurrent.FutureTask.run(FutureTask.java:266)
	at java.util.concurrent.ThreadPoolExecutor.runWorker(ThreadPoolExecutor.java:1149)
	at java.util.concurrent.ThreadPoolExecutor$Worker.run(ThreadPoolExecutor.java:624)
	at java.lang.Thread.run(Thread.java:748)
</failure>
  </testcase>
</testsuite>